<?xml version="1.0" encoding="UTF-8"?>
<!-- Generated by org.testng.reporters.JUnitReportReporter -->
<testsuite skipped="0" hostname="DESKTOP-15F7O0H" name="com.training.sanity.tests.LoginTestsRetail_TC01" tests="1" failures="0" timestamp="13 Feb 2019 11:56:44 GMT" time="13.713" errors="0">
  <testcase name="validLoginTest" time="13.713" classname="com.training.sanity.tests.LoginTestsRetail_TC01"/>
</testsuite> <!-- com.training.sanity.tests.LoginTestsRetail_TC01 -->
