<?xml version="1.0" encoding="UTF-8"?>
<!-- Generated by org.testng.reporters.JUnitReportReporter -->
<testsuite skipped="0" hostname="DESKTOP-15F7O0H" name="com.training.sanity.tests.ProductsTest_RTTC014" tests="1" failures="0" timestamp="15 Feb 2019 12:49:56 GMT" time="10.423" errors="0">
  <testcase name="FilterProductDetails" time="10.423" classname="com.training.sanity.tests.ProductsTest_RTTC014"/>
</testsuite> <!-- com.training.sanity.tests.ProductsTest_RTTC014 -->
