<?xml version="1.0" encoding="UTF-8"?>
<!-- Generated by org.testng.reporters.JUnitReportReporter -->
<testsuite skipped="0" hostname="DESKTOP-15F7O0H" name="com.training.sanity.tests.EditQuantityOfProductTest_RTTC43" tests="1" failures="0" timestamp="25 Feb 2019 14:46:55 GMT" time="12.583" errors="0">
  <testcase name="DeleteProductTest" time="12.583" classname="com.training.sanity.tests.EditQuantityOfProductTest_RTTC43"/>
</testsuite> <!-- com.training.sanity.tests.EditQuantityOfProductTest_RTTC43 -->
