<?xml version="1.0" encoding="UTF-8"?>
<!-- Generated by org.testng.reporters.JUnitReportReporter -->
<testsuite skipped="0" hostname="DESKTOP-15F7O0H" name="com.training.sanity.tests.AddProductswithRewardsPoints_RTTC71" tests="4" failures="0" timestamp="09 Mar 2019 09:21:28 GMT" time="39.310" errors="0">
  <testcase name="AddProductTest" time="9.311" classname="com.training.sanity.tests.AddProductswithRewardsPoints_RTTC71"/>
  <testcase name="AddProductTest" time="10.938" classname="com.training.sanity.tests.AddProductswithRewardsPoints_RTTC71"/>
  <testcase name="AddProductTest" time="9.620" classname="com.training.sanity.tests.AddProductswithRewardsPoints_RTTC71"/>
  <testcase name="AddProductTest" time="9.441" classname="com.training.sanity.tests.AddProductswithRewardsPoints_RTTC71"/>
</testsuite> <!-- com.training.sanity.tests.AddProductswithRewardsPoints_RTTC71 -->
