<?xml version="1.0" encoding="UTF-8"?>
<!-- Generated by org.testng.reporters.JUnitReportReporter -->
<testsuite skipped="0" hostname="DESKTOP-15F7O0H" name="com.training.sanity.tests.ProductsTest_RTTC041" tests="6" failures="0" timestamp="25 Feb 2019 11:54:11 GMT" time="21.058" errors="0">
  <testcase name="FilterProductDetails" time="9.190" classname="com.training.sanity.tests.ProductsTest_RTTC041"/>
  <testcase name="FilterProductDetailsByPrice" time="1.816" classname="com.training.sanity.tests.ProductsTest_RTTC041"/>
  <testcase name="FilterProductDetailsByStatus" time="1.967" classname="com.training.sanity.tests.ProductsTest_RTTC041"/>
  <testcase name="FilterProductDetailsByModel" time="3.066" classname="com.training.sanity.tests.ProductsTest_RTTC041"/>
  <testcase name="FilterProductDetailsByQuantity" time="2.801" classname="com.training.sanity.tests.ProductsTest_RTTC041"/>
  <testcase name="FilterProductDetailsByImage" time="2.218" classname="com.training.sanity.tests.ProductsTest_RTTC041"/>
</testsuite> <!-- com.training.sanity.tests.ProductsTest_RTTC041 -->
