<?xml version="1.0" encoding="UTF-8"?>
<!-- Generated by org.testng.reporters.JUnitReportReporter -->
<testsuite skipped="0" hostname="DESKTOP-15F7O0H" name="com.training.sanity.tests.AddProductswithRewardsPointsNegativeCase_RTTC72" tests="3" failures="0" timestamp="06 Mar 2019 09:27:12 GMT" time="28.934" errors="0">
  <testcase name="AddProductTest" time="9.149" classname="com.training.sanity.tests.AddProductswithRewardsPointsNegativeCase_RTTC72"/>
  <testcase name="AddProductTest" time="10.334" classname="com.training.sanity.tests.AddProductswithRewardsPointsNegativeCase_RTTC72"/>
  <testcase name="AddProductTest" time="9.451" classname="com.training.sanity.tests.AddProductswithRewardsPointsNegativeCase_RTTC72"/>
</testsuite> <!-- com.training.sanity.tests.AddProductswithRewardsPointsNegativeCase_RTTC72 -->
