<?xml version="1.0" encoding="UTF-8"?>
<!-- Generated by org.testng.reporters.JUnitReportReporter -->
<testsuite skipped="0" hostname="DESKTOP-15F7O0H" name="com.training.sanity.tests.ProductsTest_RTTC041" tests="6" failures="0" timestamp="28 Feb 2019 07:54:35 GMT" time="18.095" errors="0">
  <testcase name="FilterProductDetails" time="7.005" classname="com.training.sanity.tests.ProductsTest_RTTC041"/>
  <testcase name="FilterProductDetailsByPrice" time="1.785" classname="com.training.sanity.tests.ProductsTest_RTTC041"/>
  <testcase name="FilterProductDetailsByStatus" time="1.743" classname="com.training.sanity.tests.ProductsTest_RTTC041"/>
  <testcase name="FilterProductDetailsByModel" time="2.796" classname="com.training.sanity.tests.ProductsTest_RTTC041"/>
  <testcase name="FilterProductDetailsByQuantity" time="2.740" classname="com.training.sanity.tests.ProductsTest_RTTC041"/>
  <testcase name="FilterProductDetailsByImage" time="2.026" classname="com.training.sanity.tests.ProductsTest_RTTC041"/>
</testsuite> <!-- com.training.sanity.tests.ProductsTest_RTTC041 -->
