<?xml version="1.0" encoding="UTF-8"?>
<!-- Generated by org.testng.reporters.JUnitReportReporter -->
<testsuite skipped="0" hostname="DESKTOP-15F7O0H" name="com.training.sanity.tests.DeleteProductsTest_RTTC44" tests="1" failures="0" timestamp="23 Feb 2019 11:48:05 GMT" time="10.188" errors="0">
  <testcase name="DeleteProductTest" time="10.188" classname="com.training.sanity.tests.DeleteProductsTest_RTTC44"/>
</testsuite> <!-- com.training.sanity.tests.DeleteProductsTest_RTTC44 -->
