<?xml version="1.0" encoding="UTF-8"?>
<!-- Generated by org.testng.reporters.JUnitReportReporter -->
<testsuite skipped="0" hostname="DESKTOP-15F7O0H" name="com.training.sanity.tests.ReturnProducts_RTTC75" tests="1" failures="0" timestamp="09 Mar 2019 08:35:41 GMT" time="16.632" errors="0">
  <testcase name="ReturnProducts" time="16.632" classname="com.training.sanity.tests.ReturnProducts_RTTC75"/>
</testsuite> <!-- com.training.sanity.tests.ReturnProducts_RTTC75 -->
