<?xml version="1.0" encoding="UTF-8"?>
<!-- Generated by org.testng.reporters.JUnitReportReporter -->
<testsuite skipped="0" hostname="DESKTOP-15F7O0H" name="com.training.sanity.tests.CategoriesTest_RTTC012" tests="1" failures="0" timestamp="21 Feb 2019 09:48:37 GMT" time="2.333" errors="0">
  <testcase name="DisplayCategoryList" time="2.333" classname="com.training.sanity.tests.CategoriesTest_RTTC012"/>
</testsuite> <!-- com.training.sanity.tests.CategoriesTest_RTTC012 -->
