<?xml version="1.0" encoding="UTF-8"?>
<!-- Generated by org.testng.reporters.JUnitReportReporter -->
<testsuite skipped="0" hostname="DESKTOP-15F7O0H" name="com.training.sanity.tests.AddProductsDBTest_RTTC73" tests="1" failures="0" timestamp="07 Mar 2019 04:55:53 GMT" time="9.689" errors="0">
  <testcase name="AddProductTest" time="9.689" classname="com.training.sanity.tests.AddProductsDBTest_RTTC73"/>
</testsuite> <!-- com.training.sanity.tests.AddProductsDBTest_RTTC73 -->
