<?xml version="1.0" encoding="UTF-8"?>
<!-- Generated by org.testng.reporters.JUnitReportReporter -->
<testsuite skipped="0" hostname="DESKTOP-15F7O0H" name="com.training.sanity.tests.AddProductsTest_RTTC042" tests="1" failures="0" timestamp="23 Feb 2019 09:37:44 GMT" time="11.769" errors="0">
  <testcase name="DeleteProductTest" time="11.769" classname="com.training.sanity.tests.AddProductsTest_RTTC042"/>
</testsuite> <!-- com.training.sanity.tests.AddProductsTest_RTTC042 -->
