<?xml version="1.0" encoding="UTF-8"?>
<!-- Generated by org.testng.reporters.JUnitReportReporter -->
<testsuite skipped="0" hostname="DESKTOP-15F7O0H" name="com.training.sanity.tests.CategoriesTest_RTTC012" tests="1" failures="0" timestamp="15 Feb 2019 12:49:18 GMT" time="2.936" errors="0">
  <testcase name="DisplayCategoryList" time="2.936" classname="com.training.sanity.tests.CategoriesTest_RTTC012"/>
</testsuite> <!-- com.training.sanity.tests.CategoriesTest_RTTC012 -->
