<?xml version="1.0" encoding="UTF-8"?>
<!-- Generated by org.testng.reporters.JUnitReportReporter -->
<testsuite skipped="0" hostname="DESKTOP-15F7O0H" name="com.training.sanity.tests.DeleteProductTest_RTTC15" tests="5" failures="0" timestamp="14 Feb 2019 03:58:52 GMT" time="7.575" errors="0">
  <testcase name="validLoginTest" time="2.961" classname="com.training.sanity.tests.DeleteProductTest_RTTC15"/>
  <testcase name="ClickonProducts" time="1.320" classname="com.training.sanity.tests.DeleteProductTest_RTTC15"/>
  <testcase name="FingerRingCheckBoxClick" time="0.126" classname="com.training.sanity.tests.DeleteProductTest_RTTC15"/>
  <testcase name="DeleteButtonClick" time="0.148" classname="com.training.sanity.tests.DeleteProductTest_RTTC15"/>
  <testcase name="Alert" time="3.020" classname="com.training.sanity.tests.DeleteProductTest_RTTC15"/>
</testsuite> <!-- com.training.sanity.tests.DeleteProductTest_RTTC15 -->
