<?xml version="1.0" encoding="UTF-8"?>
<!-- Generated by org.testng.reporters.JUnitReportReporter -->
<testsuite skipped="0" hostname="DESKTOP-15F7O0H" name="com.training.sanity.tests.LoginTestsRetail_RTCC011" tests="1" failures="0" timestamp="21 Feb 2019 09:37:05 GMT" time="9.857" errors="0">
  <testcase name="validLoginTest" time="9.857" classname="com.training.sanity.tests.LoginTestsRetail_RTCC011"/>
</testsuite> <!-- com.training.sanity.tests.LoginTestsRetail_RTCC011 -->
