<?xml version="1.0" encoding="UTF-8"?>
<!-- Generated by org.testng.reporters.JUnitReportReporter -->
<testsuite skipped="0" hostname="DESKTOP-15F7O0H" name="com.training.sanity.tests.AddMultipleProductswithRewardPoints_RTCC71" tests="2" failures="0" timestamp="04 Mar 2019 07:30:25 GMT" time="22.084" errors="0">
  <testcase name="validLoginTest" time="11.475" classname="com.training.sanity.tests.AddMultipleProductswithRewardPoints_RTCC71"/>
  <testcase name="validLoginTest" time="10.609" classname="com.training.sanity.tests.AddMultipleProductswithRewardPoints_RTCC71"/>
</testsuite> <!-- com.training.sanity.tests.AddMultipleProductswithRewardPoints_RTCC71 -->
