<?xml version="1.0" encoding="UTF-8"?>
<!-- Generated by org.testng.reporters.JUnitReportReporter -->
<testsuite skipped="0" hostname="DESKTOP-15F7O0H" name="com.training.sanity.tests.InvoiceGenerationTest_RTTC45" tests="1" failures="0" timestamp="23 Feb 2019 12:10:46 GMT" time="9.924" errors="0">
  <testcase name="InvoiceGeneration" time="9.924" classname="com.training.sanity.tests.InvoiceGenerationTest_RTTC45"/>
</testsuite> <!-- com.training.sanity.tests.InvoiceGenerationTest_RTTC45 -->
