<?xml version="1.0" encoding="UTF-8"?>
<!-- Generated by org.testng.reporters.JUnitReportReporter -->
<testsuite skipped="0" hostname="DESKTOP-15F7O0H" name="com.training.sanity.tests.ProductsTest_RTTC041" tests="6" failures="0" timestamp="02 Mar 2019 16:05:47 GMT" time="19.342" errors="0">
  <testcase name="FilterProductDetails" time="8.400" classname="com.training.sanity.tests.ProductsTest_RTTC041"/>
  <testcase name="FilterProductDetailsByPrice" time="1.742" classname="com.training.sanity.tests.ProductsTest_RTTC041"/>
  <testcase name="FilterProductDetailsByStatus" time="1.780" classname="com.training.sanity.tests.ProductsTest_RTTC041"/>
  <testcase name="FilterProductDetailsByModel" time="2.790" classname="com.training.sanity.tests.ProductsTest_RTTC041"/>
  <testcase name="FilterProductDetailsByQuantity" time="2.655" classname="com.training.sanity.tests.ProductsTest_RTTC041"/>
  <testcase name="FilterProductDetailsByImage" time="1.975" classname="com.training.sanity.tests.ProductsTest_RTTC041"/>
</testsuite> <!-- com.training.sanity.tests.ProductsTest_RTTC041 -->
